#
# A fatal error has been detected by the Java Runtime Environment:
#
#  EXCEPTION_ACCESS_VIOLATION (0xc0000005) at pc=0x000000006727ad2d, pid=5752, tid=0x00000000000011cc
#
# JRE version: OpenJDK Runtime Environment (8.0_152-b01) (build 1.8.0_152-release-915-b01)
# Java VM: OpenJDK 64-Bit Server VM (25.152-b01 mixed mode windows-amd64 compressed oops)
# Problematic frame:
# V  [jvm.dll+0x44ad2d]
#
# Failed to write core dump. Minidumps are not enabled by default on client versions of Windows
#
# If you would like to submit a bug report, please visit:
#   http://bugreport.java.com/bugreport/crash.jsp
#

---------------  T H R E A D  ---------------

Current thread (0x0000000056406000):  JavaThread "C2 CompilerThread0" daemon [_thread_in_native, id=4556, stack(0x0000000057c40000,0x0000000057d40000)]

siginfo: ExceptionCode=0xc0000005, reading address 0xffffffffffffffff

Registers:
RAX=0x0000000000001050, RBX=0x000000005e1fe100, RCX=0x008000005e1fe010, RDX=0x000000005e1e3e40
RSP=0x0000000057d3bbf0, RBP=0x000000005e1e3e40, RSI=0x0000000000000000, RDI=0x0000000000000001
R8 =0x000000005e1fe1a0, R9 =0x000000005e1e4070, R10=0x0000000000000525, R11=0x000000005e1e3e40
R12=0x000000005e1dc190, R13=0x000000005db740e0, R14=0x000000005a8384f0, R15=0x0000000000000018
RIP=0x000000006727ad2d, EFLAGS=0x0000000000010206

Top of Stack: (sp=0x0000000057d3bbf0)
0x0000000057d3bbf0:   0000000057d3c180 0000000000000000
0x0000000057d3bc00:   0000000056398ae0 000000005e1dc190
0x0000000057d3bc10:   0000000000000008 000000006727bc2a
0x0000000057d3bc20:   0000000000000010 0000000000000000
0x0000000057d3bc30:   0000000000000002 000000005db740e0
0x0000000057d3bc40:   000000000000018e 000000005e1bbbe0
0x0000000057d3bc50:   00000000000cd800 000000005e1c2730
0x0000000057d3bc60:   000000005db740e0 000000005e1c3bc8
0x0000000057d3bc70:   0000000056398ae0 0000000067466d48
0x0000000057d3bc80:   0000000056398ae0 0000000000000100
0x0000000057d3bc90:   000000005a858760 0000000000000001
0x0000000057d3bca0:   0000000000000001 0000000056398ae0
0x0000000057d3bcb0:   0000000000000004 000000005e4c8010
0x0000000057d3bcc0:   0000000056398ae0 0000000057d3c180
0x0000000057d3bcd0:   0000000000000000 0000000057d3bdf0
0x0000000057d3bce0:   0000000057d3c1a0 00000000672bff4b 

Instructions: (pc=0x000000006727ad2d)
0x000000006727ad0d:   70 4c 8b 7c 24 68 48 83 c4 78 41 5e 41 5c 5f 5e
0x000000006727ad1d:   5d 5b c3 40 53 48 83 ec 20 48 8b d9 48 8b 49 20
0x000000006727ad2d:   48 83 79 20 00 74 25 e8 e7 ff ff ff 4c 8b 5b 20
0x000000006727ad3d:   48 8b 43 18 49 8b 4b 18 8b 50 08 39 51 08 73 04 


Register to memory mapping:

RAX=0x0000000000001050 is an unknown value
RBX=0x000000005e1fe100 is an unknown value
RCX=0x008000005e1fe010 is an unknown value
RDX=0x000000005e1e3e40 is an unknown value
RSP=0x0000000057d3bbf0 is pointing into the stack for thread: 0x0000000056406000
RBP=0x000000005e1e3e40 is an unknown value
RSI=0x0000000000000000 is an unknown value
RDI=0x0000000000000001 is an unknown value
R8 =0x000000005e1fe1a0 is an unknown value
R9 =0x000000005e1e4070 is an unknown value
R10=0x0000000000000525 is an unknown value
R11=0x000000005e1e3e40 is an unknown value
R12=0x000000005e1dc190 is an unknown value
R13=0x000000005db740e0 is an unknown value
R14=0x000000005a8384f0 is an unknown value
R15=0x0000000000000018 is an unknown value


Stack: [0x0000000057c40000,0x0000000057d40000],  sp=0x0000000057d3bbf0,  free space=1006k
Native frames: (J=compiled Java code, j=interpreted, Vv=VM code, C=native code)
V  [jvm.dll+0x44ad2d]
V  [jvm.dll+0x44bc2a]
V  [jvm.dll+0x48ff4b]
V  [jvm.dll+0x4405ac]
V  [jvm.dll+0x4419d2]
V  [jvm.dll+0x424b32]
V  [jvm.dll+0x80fa9]
V  [jvm.dll+0x818df]
V  [jvm.dll+0x21d06f]
V  [jvm.dll+0x26d4aa]
C  [msvcr100.dll+0x21d9f]
C  [msvcr100.dll+0x21e3b]
C  [kernel32.dll+0x159bd]
C  [ntdll.dll+0x2a2e1]


Current CompileTask:
C2:  51805 8827       4       com.sun.org.apache.xerces.internal.impl.XMLDTDScannerImpl::scanEntityDecl (873 bytes)


---------------  P R O C E S S  ---------------

Java Threads: ( => current thread )
  0x0000000059ea9000 JavaThread "Cache worker for Artifact transforms cache (C:\Users\anhquan.ha\.gradle\caches\transforms-1)" [_thread_blocked, id=6116, stack(0x000000005efe0000,0x000000005f0e0000)]
  0x0000000059eac000 JavaThread "Cache worker for file hash cache (D:\Project\DemoApp\.gradle\4.1\fileHashes)" [_thread_blocked, id=1372, stack(0x000000005ea10000,0x000000005eb10000)]
  0x0000000059ead800 JavaThread "Stdin handler" [_thread_blocked, id=4388, stack(0x000000005b1c0000,0x000000005b2c0000)]
  0x0000000059eab800 JavaThread "Asynchronous log dispatcher for DefaultDaemonConnection: socket connection from /127.0.0.1:63023 to /127.0.0.1:63052" [_thread_blocked, id=2624, stack(0x000000005bf50000,0x000000005c050000)]
  0x0000000059ead000 JavaThread "Cancel handler" [_thread_blocked, id=4288, stack(0x000000005bc10000,0x000000005bd10000)]
  0x0000000059ea7000 JavaThread "Handler for socket connection from /127.0.0.1:63023 to /127.0.0.1:63052" [_thread_in_native, id=4172, stack(0x000000005b790000,0x000000005b890000)]
  0x0000000059eae800 JavaThread "Memory manager" [_thread_blocked, id=5728, stack(0x00000000612a0000,0x00000000613a0000)]
  0x0000000059e80800 JavaThread "File lock request listener" [_thread_in_native, id=4616, stack(0x000000005c090000,0x000000005c190000)]
  0x000000005964a000 JavaThread "Cache worker for file hash cache (C:\Users\anhquan.ha\.gradle\caches\4.1\fileHashes)" [_thread_blocked, id=1036, stack(0x000000005c1a0000,0x000000005c2a0000)]
  0x00000000592f3800 JavaThread "Daemon worker" [_thread_in_Java, id=1352, stack(0x000000005bd90000,0x000000005be90000)]
  0x0000000059596000 JavaThread "Daemon" [_thread_blocked, id=5644, stack(0x000000005b5b0000,0x000000005b6b0000)]
  0x00000000596bf000 JavaThread "Daemon periodic checks" [_thread_blocked, id=1816, stack(0x000000005b490000,0x000000005b590000)]
  0x00000000596c6000 JavaThread "Incoming local TCP Connector on port 63023" [_thread_in_native, id=5972, stack(0x000000005b300000,0x000000005b400000)]
  0x0000000057da1800 JavaThread "Service Thread" daemon [_thread_blocked, id=3036, stack(0x00000000582e0000,0x00000000583e0000)]
  0x0000000057d40800 JavaThread "C1 CompilerThread2" daemon [_thread_blocked, id=3980, stack(0x00000000581d0000,0x00000000582d0000)]
  0x000000005640d800 JavaThread "C2 CompilerThread1" daemon [_thread_in_native, id=1804, stack(0x00000000579a0000,0x0000000057aa0000)]
=>0x0000000056406000 JavaThread "C2 CompilerThread0" daemon [_thread_in_native, id=4556, stack(0x0000000057c40000,0x0000000057d40000)]
  0x0000000056404800 JavaThread "Attach Listener" daemon [_thread_blocked, id=5172, stack(0x0000000057af0000,0x0000000057bf0000)]
  0x0000000056401800 JavaThread "Signal Dispatcher" daemon [_thread_blocked, id=4284, stack(0x0000000057840000,0x0000000057940000)]
  0x00000000563e7800 JavaThread "Finalizer" daemon [_thread_blocked, id=4552, stack(0x0000000057630000,0x0000000057730000)]
  0x00000000563a0800 JavaThread "Reference Handler" daemon [_thread_blocked, id=4592, stack(0x0000000057490000,0x0000000057590000)]
  0x000000000222e800 JavaThread "main" [_thread_blocked, id=2976, stack(0x0000000002590000,0x0000000002690000)]

Other Threads:
  0x0000000056399000 VMThread [stack: 0x0000000057270000,0x0000000057370000] [id=5696]
  0x0000000057dad000 WatcherThread [stack: 0x00000000585b0000,0x00000000586b0000] [id=3440]

VM state:not at safepoint (normal execution)

VM Mutex/Monitor currently owned by a thread: None

Heap:
 PSYoungGen      total 447488K, used 177754K [0x00000000e0000000, 0x0000000100000000, 0x0000000100000000)
  eden space 418816K, 42% used [0x00000000e0000000,0x00000000ead96b30,0x00000000f9900000)
  from space 28672K, 0% used [0x00000000f9900000,0x00000000f9900000,0x00000000fb500000)
  to   space 29696K, 0% used [0x00000000fe300000,0x00000000fe300000,0x0000000100000000)
 ParOldGen       total 156160K, used 51305K [0x00000000a0000000, 0x00000000a9880000, 0x00000000e0000000)
  object space 156160K, 32% used [0x00000000a0000000,0x00000000a321a438,0x00000000a9880000)
 Metaspace       used 65132K, capacity 68082K, committed 68096K, reserved 1107968K
  class space    used 8738K, capacity 9460K, committed 9472K, reserved 1048576K

Card table byte_map: [0x0000000011d20000,0x0000000012030000] byte_map_base: 0x0000000011820000

Marking Bits: (ParMarkBitMap*) 0x00000000675f3950
 Begin Bits: [0x0000000012710000, 0x0000000013f10000)
 End Bits:   [0x0000000013f10000, 0x0000000015710000)

Polling page: 0x00000000001c0000

CodeCache: size=245760Kb used=25236Kb max_used=25236Kb free=220523Kb
 bounds [0x0000000002960000, 0x0000000004220000, 0x0000000011960000]
 total_blobs=8471 nmethods=7667 adapters=716
 compilation: enabled

Compilation events (10 events):
Event: 51.741 Thread 0x0000000057d40800 8903       3       org.gradle.api.internal.artifacts.ivyservice.ivyresolve.parser.PomReader::getArtifactId (37 bytes)
Event: 51.742 Thread 0x0000000057d40800 nmethod 8903 0x0000000004215010 code [0x0000000004215240, 0x0000000004215bd8]
Event: 51.742 Thread 0x0000000057d40800 8904       3       org.gradle.api.internal.artifacts.ivyservice.ivyresolve.parser.PomReader::getVersion (30 bytes)
Event: 51.743 Thread 0x0000000057d40800 nmethod 8904 0x0000000002b82d50 code [0x0000000002b82f60, 0x0000000002b83828]
Event: 51.750 Thread 0x0000000057d40800 8905       3       org.gradle.internal.component.external.model.AbstractModuleComponentResolveMetadata::populateConfigurationsFromDescriptor (78 bytes)
Event: 51.751 Thread 0x0000000057d40800 nmethod 8905 0x0000000004216190 code [0x00000000042163c0, 0x0000000004216c38]
Event: 51.751 Thread 0x0000000057d40800 8906       3       org.gradle.internal.component.external.model.AbstractModuleComponentResolveMetadata::populateArtifactsFromDescriptor (162 bytes)
Event: 51.752 Thread 0x0000000057d40800 nmethod 8906 0x0000000004217010 code [0x0000000004217340, 0x0000000004218c28]
Event: 51.756 Thread 0x0000000057d40800 8907       3       org.gradle.api.internal.artifacts.ivyservice.resolutionstrategy.ModuleForcingResolveRule::execute (103 bytes)
Event: 51.757 Thread 0x0000000057d40800 nmethod 8907 0x00000000042197d0 code [0x0000000004219a60, 0x000000000421aa48]

GC Heap History (10 events):
Event: 19.773 GC heap before
{Heap before GC invocations=8 (full 2):
 PSYoungGen      total 242176K, used 9274K [0x00000000e0000000, 0x00000000f0480000, 0x0000000100000000)
  eden space 227840K, 0% used [0x00000000e0000000,0x00000000e0000000,0x00000000ede80000)
  from space 14336K, 64% used [0x00000000eec00000,0x00000000ef50ebe0,0x00000000efa00000)
  to   space 13824K, 0% used [0x00000000ede80000,0x00000000ede80000,0x00000000eec00000)
 ParOldGen       total 81408K, used 7565K [0x00000000a0000000, 0x00000000a4f80000, 0x00000000e0000000)
  object space 81408K, 9% used [0x00000000a0000000,0x00000000a07636a0,0x00000000a4f80000)
 Metaspace       used 34485K, capacity 35236K, committed 35416K, reserved 1079296K
  class space    used 4719K, capacity 5007K, committed 5120K, reserved 1048576K
Event: 19.865 GC heap after
Heap after GC invocations=8 (full 2):
 PSYoungGen      total 242176K, used 0K [0x00000000e0000000, 0x00000000f0480000, 0x0000000100000000)
  eden space 227840K, 0% used [0x00000000e0000000,0x00000000e0000000,0x00000000ede80000)
  from space 14336K, 0% used [0x00000000eec00000,0x00000000eec00000,0x00000000efa00000)
  to   space 13824K, 0% used [0x00000000ede80000,0x00000000ede80000,0x00000000eec00000)
 ParOldGen       total 100352K, used 15519K [0x00000000a0000000, 0x00000000a6200000, 0x00000000e0000000)
  object space 100352K, 15% used [0x00000000a0000000,0x00000000a0f27fe0,0x00000000a6200000)
 Metaspace       used 34485K, capacity 35236K, committed 35416K, reserved 1079296K
  class space    used 4719K, capacity 5007K, committed 5120K, reserved 1048576K
}
Event: 26.038 GC heap before
{Heap before GC invocations=9 (full 2):
 PSYoungGen      total 242176K, used 227840K [0x00000000e0000000, 0x00000000f0480000, 0x0000000100000000)
  eden space 227840K, 100% used [0x00000000e0000000,0x00000000ede80000,0x00000000ede80000)
  from space 14336K, 0% used [0x00000000eec00000,0x00000000eec00000,0x00000000efa00000)
  to   space 13824K, 0% used [0x00000000ede80000,0x00000000ede80000,0x00000000eec00000)
 ParOldGen       total 100352K, used 15519K [0x00000000a0000000, 0x00000000a6200000, 0x00000000e0000000)
  object space 100352K, 15% used [0x00000000a0000000,0x00000000a0f27fe0,0x00000000a6200000)
 Metaspace       used 48018K, capacity 49022K, committed 49280K, reserved 1091584K
  class space    used 6397K, capacity 6777K, committed 6784K, reserved 1048576K
Event: 26.547 GC heap after
Heap after GC invocations=9 (full 2):
 PSYoungGen      total 241664K, used 13814K [0x00000000e0000000, 0x00000000fc700000, 0x0000000100000000)
  eden space 227840K, 0% used [0x00000000e0000000,0x00000000e0000000,0x00000000ede80000)
  from space 13824K, 99% used [0x00000000ede80000,0x00000000eebfdbe0,0x00000000eec00000)
  to   space 18432K, 0% used [0x00000000fb500000,0x00000000fb500000,0x00000000fc700000)
 ParOldGen       total 100352K, used 21110K [0x00000000a0000000, 0x00000000a6200000, 0x00000000e0000000)
  object space 100352K, 21% used [0x00000000a0000000,0x00000000a149da80,0x00000000a6200000)
 Metaspace       used 48018K, capacity 49022K, committed 49280K, reserved 1091584K
  class space    used 6397K, capacity 6777K, committed 6784K, reserved 1048576K
}
Event: 35.949 GC heap before
{Heap before GC invocations=10 (full 2):
 PSYoungGen      total 241664K, used 241654K [0x00000000e0000000, 0x00000000fc700000, 0x0000000100000000)
  eden space 227840K, 100% used [0x00000000e0000000,0x00000000ede80000,0x00000000ede80000)
  from space 13824K, 99% used [0x00000000ede80000,0x00000000eebfdbe0,0x00000000eec00000)
  to   space 18432K, 0% used [0x00000000fb500000,0x00000000fb500000,0x00000000fc700000)
 ParOldGen       total 100352K, used 21110K [0x00000000a0000000, 0x00000000a6200000, 0x00000000e0000000)
  object space 100352K, 21% used [0x00000000a0000000,0x00000000a149da80,0x00000000a6200000)
 Metaspace       used 56242K, capacity 58300K, committed 58496K, reserved 1099776K
  class space    used 7715K, capacity 8239K, committed 8320K, reserved 1048576K
Event: 36.036 GC heap after
Heap after GC invocations=10 (full 2):
 PSYoungGen      total 437248K, used 18421K [0x00000000e0000000, 0x00000000fd500000, 0x0000000100000000)
  eden space 418816K, 0% used [0x00000000e0000000,0x00000000e0000000,0x00000000f9900000)
  from space 18432K, 99% used [0x00000000fb500000,0x00000000fc6fd4c8,0x00000000fc700000)
  to   space 28672K, 0% used [0x00000000f9900000,0x00000000f9900000,0x00000000fb500000)
 ParOldGen       total 100352K, used 38530K [0x00000000a0000000, 0x00000000a6200000, 0x00000000e0000000)
  object space 100352K, 38% used [0x00000000a0000000,0x00000000a25a0a48,0x00000000a6200000)
 Metaspace       used 56242K, capacity 58300K, committed 58496K, reserved 1099776K
  class space    used 7715K, capacity 8239K, committed 8320K, reserved 1048576K
}
Event: 36.640 GC heap before
{Heap before GC invocations=11 (full 2):
 PSYoungGen      total 437248K, used 47962K [0x00000000e0000000, 0x00000000fd500000, 0x0000000100000000)
  eden space 418816K, 7% used [0x00000000e0000000,0x00000000e1cd9398,0x00000000f9900000)
  from space 18432K, 99% used [0x00000000fb500000,0x00000000fc6fd4c8,0x00000000fc700000)
  to   space 28672K, 0% used [0x00000000f9900000,0x00000000f9900000,0x00000000fb500000)
 ParOldGen       total 100352K, used 38530K [0x00000000a0000000, 0x00000000a6200000, 0x00000000e0000000)
  object space 100352K, 38% used [0x00000000a0000000,0x00000000a25a0a48,0x00000000a6200000)
 Metaspace       used 56822K, capacity 58882K, committed 59008K, reserved 1099776K
  class space    used 7784K, capacity 8305K, committed 8320K, reserved 1048576K
Event: 36.683 GC heap after
Heap after GC invocations=11 (full 2):
 PSYoungGen      total 447488K, used 20347K [0x00000000e0000000, 0x0000000100000000, 0x0000000100000000)
  eden space 418816K, 0% used [0x00000000e0000000,0x00000000e0000000,0x00000000f9900000)
  from space 28672K, 70% used [0x00000000f9900000,0x00000000facded60,0x00000000fb500000)
  to   space 29696K, 0% used [0x00000000fe300000,0x00000000fe300000,0x0000000100000000)
 ParOldGen       total 100352K, used 38530K [0x00000000a0000000, 0x00000000a6200000, 0x00000000e0000000)
  object space 100352K, 38% used [0x00000000a0000000,0x00000000a25a0a48,0x00000000a6200000)
 Metaspace       used 56822K, capacity 58882K, committed 59008K, reserved 1099776K
  class space    used 7784K, capacity 8305K, committed 8320K, reserved 1048576K
}
Event: 36.683 GC heap before
{Heap before GC invocations=12 (full 3):
 PSYoungGen      total 447488K, used 20347K [0x00000000e0000000, 0x0000000100000000, 0x0000000100000000)
  eden space 418816K, 0% used [0x00000000e0000000,0x00000000e0000000,0x00000000f9900000)
  from space 28672K, 70% used [0x00000000f9900000,0x00000000facded60,0x00000000fb500000)
  to   space 29696K, 0% used [0x00000000fe300000,0x00000000fe300000,0x0000000100000000)
 ParOldGen       total 100352K, used 38530K [0x00000000a0000000, 0x00000000a6200000, 0x00000000e0000000)
  object space 100352K, 38% used [0x00000000a0000000,0x00000000a25a0a48,0x00000000a6200000)
 Metaspace       used 56822K, capacity 58882K, committed 59008K, reserved 1099776K
  class space    used 7784K, capacity 8305K, committed 8320K, reserved 1048576K
Event: 37.096 GC heap after
Heap after GC invocations=12 (full 3):
 PSYoungGen      total 447488K, used 0K [0x00000000e0000000, 0x0000000100000000, 0x0000000100000000)
  eden space 418816K, 0% used [0x00000000e0000000,0x00000000e0000000,0x00000000f9900000)
  from space 28672K, 0% used [0x00000000f9900000,0x00000000f9900000,0x00000000fb500000)
  to   space 29696K, 0% used [0x00000000fe300000,0x00000000fe300000,0x0000000100000000)
 ParOldGen       total 156160K, used 51305K [0x00000000a0000000, 0x00000000a9880000, 0x00000000e0000000)
  object space 156160K, 32% used [0x00000000a0000000,0x00000000a321a438,0x00000000a9880000)
 Metaspace       used 56822K, capacity 58882K, committed 59008K, reserved 1099776K
  class space    used 7784K, capacity 8305K, committed 8320K, reserved 1048576K
}

Deoptimization events (10 events):
Event: 42.251 Thread 0x0000000059596000 Uncommon trap: reason=unstable_if action=reinterpret pc=0x0000000002d57894 method=com.esotericsoftware.kryo.io.Output.writeBytes([BII)V @ 61
Event: 42.252 Thread 0x0000000059596000 Uncommon trap: reason=unstable_if action=reinterpret pc=0x0000000003376448 method=com.esotericsoftware.kryo.io.Output.writeBytes([BII)V @ 61
Event: 42.253 Thread 0x0000000059596000 Uncommon trap: reason=unstable_if action=reinterpret pc=0x0000000002b14528 method=com.esotericsoftware.kryo.io.Output.writeBytes([BII)V @ 61
Event: 42.294 Thread 0x0000000059599800 Uncommon trap: reason=unstable_if action=reinterpret pc=0x0000000003f79390 method=com.esotericsoftware.kryo.io.Input.require(I)I @ 117
Event: 42.307 Thread 0x0000000059596000 Uncommon trap: reason=unstable_if action=reinterpret pc=0x0000000003213d14 method=java.util.HashMap$HashIterator.<init>(Ljava/util/HashMap;)V @ 45
Event: 42.307 Thread 0x0000000059596000 Uncommon trap: reason=unstable_if action=reinterpret pc=0x00000000039d2744 method=java.util.HashMap$HashIterator.<init>(Ljava/util/HashMap;)V @ 45
Event: 48.769 Thread 0x00000000592f3800 Uncommon trap: reason=bimorphic action=maybe_recompile pc=0x000000000404cdac method=com.google.common.collect.Sets$3.iterator()Ljava/util/Iterator; @ 4
Event: 48.770 Thread 0x00000000592f3800 Uncommon trap: reason=bimorphic action=maybe_recompile pc=0x000000000404cdac method=com.google.common.collect.Sets$3.iterator()Ljava/util/Iterator; @ 4
Event: 50.344 Thread 0x00000000592f3800 Uncommon trap: reason=class_check action=maybe_recompile pc=0x0000000003c6aa20 method=com.google.common.collect.AbstractMapBasedMultimap.put(Ljava/lang/Object;Ljava/lang/Object;)Z @ 10
Event: 51.544 Thread 0x00000000592f3800 Uncommon trap: reason=unstable_if action=reinterpret pc=0x0000000003f1e958 method=groovy.lang.MetaClassImpl.getMetaProperty(Ljava/lang/String;Z)Lgroovy/lang/MetaProperty; @ 30

Classes redefined (0 events):
No events

Internal exceptions (10 events):
Event: 42.253 Thread 0x0000000059596000 Exception <a 'java/lang/NoSuchMethodError': <clinit>> (0x00000000e819a4e0) thrown at [D:\src\AOSP-openjdk-cygwin\jdk8u\hotspot\src\share\vm\prims\jni.cpp, line 1613]
Event: 42.256 Thread 0x0000000059596000 Exception <a 'java/lang/NoSuchMethodError': <clinit>> (0x00000000e81af8d8) thrown at [D:\src\AOSP-openjdk-cygwin\jdk8u\hotspot\src\share\vm\prims\jni.cpp, line 1613]
Event: 42.257 Thread 0x0000000059596000 Exception <a 'java/lang/NoSuchMethodError': <clinit>> (0x00000000e81c2788) thrown at [D:\src\AOSP-openjdk-cygwin\jdk8u\hotspot\src\share\vm\prims\jni.cpp, line 1613]
Event: 42.275 Thread 0x0000000059596000 Exception <a 'java/lang/NoSuchMethodError': <clinit>> (0x00000000e81c7b60) thrown at [D:\src\AOSP-openjdk-cygwin\jdk8u\hotspot\src\share\vm\prims\jni.cpp, line 1613]
Event: 42.293 Thread 0x0000000059599800 Exception <a 'java/lang/NoSuchMethodError': <clinit>> (0x00000000e880af78) thrown at [D:\src\AOSP-openjdk-cygwin\jdk8u\hotspot\src\share\vm\prims\jni.cpp, line 1613]
Event: 48.679 Thread 0x0000000059ea7000 Exception <a 'java/lang/NoSuchMethodError': <clinit>> (0x00000000e91ddf98) thrown at [D:\src\AOSP-openjdk-cygwin\jdk8u\hotspot\src\share\vm\prims\jni.cpp, line 1613]
Event: 48.688 Thread 0x0000000059ea7000 Exception <a 'java/lang/NoSuchMethodError': <clinit>> (0x00000000e91f7f10) thrown at [D:\src\AOSP-openjdk-cygwin\jdk8u\hotspot\src\share\vm\prims\jni.cpp, line 1613]
Event: 50.300 Thread 0x00000000592f3800 Exception <a 'java/lang/ClassNotFoundException': sync_local_repo1179_8ooxpqs9rd2ta3dbyv227p955BeanInfo> (0x00000000e78ef978) thrown at [D:\src\AOSP-openjdk-cygwin\jdk8u\hotspot\src\share\vm\classfile\systemDictionary.cpp, line 210]
Event: 50.300 Thread 0x00000000592f3800 Exception <a 'java/lang/ClassNotFoundException': sync_local_repo1179_8ooxpqs9rd2ta3dbyv227p955Customizer> (0x00000000e78fa260) thrown at [D:\src\AOSP-openjdk-cygwin\jdk8u\hotspot\src\share\vm\classfile\systemDictionary.cpp, line 210]
Event: 51.544 Thread 0x00000000592f3800 Implicit null exception at 0x0000000003f1e402 to 0x0000000003f1e945

Events (10 events):
Event: 51.580 Executing VM operation: RevokeBias
Event: 51.580 Executing VM operation: RevokeBias done
Event: 51.580 Executing VM operation: RevokeBias
Event: 51.580 Executing VM operation: RevokeBias done
Event: 51.580 Executing VM operation: RevokeBias
Event: 51.580 Executing VM operation: RevokeBias done
Event: 51.582 Executing VM operation: RevokeBias
Event: 51.582 Executing VM operation: RevokeBias done
Event: 51.611 Thread 0x0000000057d40800 flushing nmethod 0x0000000003970b90
Event: 51.613 Thread 0x0000000056406000 flushing nmethod 0x0000000003c7e450


Dynamic libraries:
0x000000013f560000 - 0x000000013f591000 	D:\android-studio\jre\bin\java.exe
0x0000000077b80000 - 0x0000000077d2a000 	C:\Windows\SYSTEM32\ntdll.dll
0x0000000077960000 - 0x0000000077a7f000 	C:\Windows\system32\kernel32.dll
0x000007fefdc30000 - 0x000007fefdc9a000 	C:\Windows\system32\KERNELBASE.dll
0x000007fefe6d0000 - 0x000007fefe7ab000 	C:\Windows\system32\ADVAPI32.dll
0x000007fefe5a0000 - 0x000007fefe63f000 	C:\Windows\system32\msvcrt.dll
0x000007fefe0d0000 - 0x000007fefe0ef000 	C:\Windows\SYSTEM32\sechost.dll
0x000007fefe370000 - 0x000007fefe49d000 	C:\Windows\system32\RPCRT4.dll
0x0000000077a80000 - 0x0000000077b7a000 	C:\Windows\system32\USER32.dll
0x000007fefde80000 - 0x000007fefdee7000 	C:\Windows\system32\GDI32.dll
0x000007fefe640000 - 0x000007fefe64e000 	C:\Windows\system32\LPK.dll
0x000007fefe4a0000 - 0x000007fefe56a000 	C:\Windows\system32\USP10.dll
0x000007fefc320000 - 0x000007fefc514000 	C:\Windows\WinSxS\amd64_microsoft.windows.common-controls_6595b64144ccf1df_6.0.7601.18837_none_fa3b1e3d17594757\COMCTL32.dll
0x000007fefdcf0000 - 0x000007fefdd61000 	C:\Windows\system32\SHLWAPI.dll
0x000007fefe570000 - 0x000007fefe59e000 	C:\Windows\system32\IMM32.DLL
0x000007fefdd70000 - 0x000007fefde79000 	C:\Windows\system32\MSCTF.dll
0x000000006b760000 - 0x000000006b832000 	D:\android-studio\jre\jre\bin\msvcr100.dll
0x0000000066e30000 - 0x000000006766e000 	D:\android-studio\jre\jre\bin\server\jvm.dll
0x000007fefb8d0000 - 0x000007fefb8d9000 	C:\Windows\system32\WSOCK32.dll
0x000007fefdef0000 - 0x000007fefdf3d000 	C:\Windows\system32\WS2_32.dll
0x000007fefeae0000 - 0x000007fefeae8000 	C:\Windows\system32\NSI.dll
0x000007fefb4f0000 - 0x000007fefb52b000 	C:\Windows\system32\WINMM.dll
0x000007fefca10000 - 0x000007fefca1c000 	C:\Windows\system32\VERSION.dll
0x0000000077d40000 - 0x0000000077d47000 	C:\Windows\system32\PSAPI.DLL
0x000007fefb900000 - 0x000007fefb90f000 	D:\android-studio\jre\jre\bin\verify.dll
0x000007fef6440000 - 0x000007fef6469000 	D:\android-studio\jre\jre\bin\java.dll
0x000007fefb040000 - 0x000007fefb056000 	D:\android-studio\jre\jre\bin\zip.dll
0x000007fefed50000 - 0x000007feffada000 	C:\Windows\system32\SHELL32.dll
0x000007fefe8b0000 - 0x000007fefeab3000 	C:\Windows\system32\ole32.dll
0x000007fefd940000 - 0x000007fefd94f000 	C:\Windows\system32\profapi.dll
0x000007fefb0f0000 - 0x000007fefb10a000 	D:\android-studio\jre\jre\bin\net.dll
0x000007fefd0b0000 - 0x000007fefd105000 	C:\Windows\system32\mswsock.dll
0x000007fefd0a0000 - 0x000007fefd0a7000 	C:\Windows\System32\wship6.dll
0x000007fef9410000 - 0x000007fef9421000 	D:\android-studio\jre\jre\bin\nio.dll
0x000007fef5330000 - 0x000007fef534e000 	C:\Users\anhquan.ha\.gradle\native\25\windows-amd64\native-platform.dll
0x000007fef9400000 - 0x000007fef940d000 	D:\android-studio\jre\jre\bin\management.dll
0x000007fefd110000 - 0x000007fefd128000 	C:\Windows\system32\CRYPTSP.dll
0x000007fefce10000 - 0x000007fefce57000 	C:\Windows\system32\rsaenh.dll
0x000007fefdca0000 - 0x000007fefdcbe000 	C:\Windows\system32\USERENV.dll
0x000007fefd790000 - 0x000007fefd79f000 	C:\Windows\system32\CRYPTBASE.dll
0x000007fefafd0000 - 0x000007fefaff7000 	C:\Windows\system32\IPHLPAPI.DLL
0x000007fefafc0000 - 0x000007fefafcb000 	C:\Windows\system32\WINNSI.DLL
0x000007fefaef0000 - 0x000007fefaf01000 	C:\Windows\system32\dhcpcsvc6.DLL
0x000007fefaed0000 - 0x000007fefaee8000 	C:\Windows\system32\dhcpcsvc.DLL
0x000007fef5200000 - 0x000007fef5325000 	C:\Windows\system32\dbghelp.dll

VM Arguments:
jvm_args: -Xmx1536m -Dfile.encoding=windows-1252 -Duser.country=US -Duser.language=en -Duser.variant 
java_command: org.gradle.launcher.daemon.bootstrap.GradleDaemon 4.1
java_class_path (initial): C:\Users\anhquan.ha\.gradle\wrapper\dists\gradle-4.1-all\bzyivzo6n839fup2jbap0tjew\gradle-4.1\lib\gradle-launcher-4.1.jar
Launcher Type: SUN_STANDARD

Environment Variables:
PATH=C:\ProgramData\Oracle\Java\javapath;C:\Windows\system32;C:\Windows;C:\Windows\System32\Wbem;C:\Windows\System32\WindowsPowerShell\v1.0\;C:\Program Files (x86)\Intel\OpenCL SDK\2.0\bin\x86;C:\Program Files (x86)\Intel\OpenCL SDK\2.0\bin\x64;C:\Program Files (x86)\Skype\Phone\;C:\Program Files\Git\cmd;C:\Python27;C:\Users\vanan.tran\AppData\Local\Android\Sdk\platform-tools
USERNAME=anhquan.ha
OS=Windows_NT
PROCESSOR_IDENTIFIER=Intel64 Family 6 Model 42 Stepping 7, GenuineIntel



---------------  S Y S T E M  ---------------

OS: Windows 7 , 64 bit Build 7601 (6.1.7601.23392)

CPU:total 4 (initial active 4) (2 cores per cpu, 2 threads per core) family 6 model 42 stepping 7, cmov, cx8, fxsr, mmx, sse, sse2, sse3, ssse3, sse4.1, sse4.2, popcnt, avx, clmul, ht, tsc, tscinvbit

Memory: 4k page, physical 16655412k(9677384k free), swap 33308968k(25116052k free)

vm_info: OpenJDK 64-Bit Server VM (25.152-b01) for windows-amd64 JRE (1.8.0_152-release-915-b01), built by "builder" with MS VC++ 10.0 (VS2010)

time: Sat Sep 30 13:20:47 2017
elapsed time: 51 seconds (0d 0h 0m 51s)

